Running SLURM prolog script on gold54.cluster.local
===============================================================================
Job started on Tue Oct 26 12:49:30 BST 2021
Job ID          : 596877
Job name        : run_with_different_seeds.sh
WorkDir         : /mainfs/home/fb1n15/MARL-ReverseAuction/marl-edge-cloud
Command         : ./run_with_different_seeds.sh
Partition       : serial
Num hosts       : 1
Num cores       : 14
Num of tasks    : 14
Hosts allocated : gold54
Job Output Follows ...
===============================================================================
Starting Job
Traceback (most recent call last):
  File "./src/marl.py", line 12, in <module>
    from common.config_file_handler import load_yaml
  File "/mainfs/home/fb1n15/MARL-ReverseAuction/marl-edge-cloud/src/common/config_file_handler.py", line 1, in <module>
    import yaml
ModuleNotFoundError: No module named 'yaml'
Traceback (most recent call last):
  File "./src/marl.py", line 12, in <module>
    from common.config_file_handler import load_yaml
  File "/mainfs/home/fb1n15/MARL-ReverseAuction/marl-edge-cloud/src/common/config_file_handler.py", line 1, in <module>
    import yaml
ModuleNotFoundError: No module named 'yaml'
Traceback (most recent call last):
  File "./src/marl.py", line 12, in <module>
    from common.config_file_handler import load_yaml
  File "/mainfs/home/fb1n15/MARL-ReverseAuction/marl-edge-cloud/src/common/config_file_handler.py", line 1, in <module>
    import yaml
ModuleNotFoundError: No module named 'yaml'
Traceback (most recent call last):
  File "./src/marl.py", line 12, in <module>
    from common.config_file_handler import load_yaml
  File "/mainfs/home/fb1n15/MARL-ReverseAuction/marl-edge-cloud/src/common/config_file_handler.py", line 1, in <module>
    import yaml
ModuleNotFoundError: No module named 'yaml'
Traceback (most recent call last):
  File "./src/marl.py", line 12, in <module>
    from common.config_file_handler import load_yaml
  File "/mainfs/home/fb1n15/MARL-ReverseAuction/marl-edge-cloud/src/common/config_file_handler.py", line 1, in <module>
    import yaml
ModuleNotFoundError: No module named 'yaml'
Traceback (most recent call last):
  File "./src/marl.py", line 12, in <module>
    from common.config_file_handler import load_yaml
  File "/mainfs/home/fb1n15/MARL-ReverseAuction/marl-edge-cloud/src/common/config_file_handler.py", line 1, in <module>
    import yaml
ModuleNotFoundError: No module named 'yaml'
Traceback (most recent call last):
  File "./src/marl.py", line 12, in <module>
    from common.config_file_handler import load_yaml
  File "/mainfs/home/fb1n15/MARL-ReverseAuction/marl-edge-cloud/src/common/config_file_handler.py", line 1, in <module>
    import yaml
ModuleNotFoundError: No module named 'yaml'
Traceback (most recent call last):
  File "./src/marl.py", line 12, in <module>
    from common.config_file_handler import load_yaml
  File "/mainfs/home/fb1n15/MARL-ReverseAuction/marl-edge-cloud/src/common/config_file_handler.py", line 1, in <module>
    import yaml
ModuleNotFoundError: No module named 'yaml'
Traceback (most recent call last):
  File "./src/marl.py", line 12, in <module>
    from common.config_file_handler import load_yaml
  File "/mainfs/home/fb1n15/MARL-ReverseAuction/marl-edge-cloud/src/common/config_file_handler.py", line 1, in <module>
    import yaml
ModuleNotFoundError: No module named 'yaml'
Traceback (most recent call last):
  File "./src/marl.py", line 12, in <module>
    from common.config_file_handler import load_yaml
  File "/mainfs/home/fb1n15/MARL-ReverseAuction/marl-edge-cloud/src/common/config_file_handler.py", line 1, in <module>
    import yaml
ModuleNotFoundError: No module named 'yaml'
Finishing job
==============================================================================
Running epilogue script on gold54.

Submit time  : 2021-10-26T12:49:29
Start time   : 2021-10-26T12:49:29
End time     : 2021-10-26T12:49:32
Elapsed time : 00:00:03 (Timelimit=02:00:00)

Job ID: 596877
Array Job ID: 596877_1
Cluster: i5
User/Group: fb1n15/fp
State: COMPLETED (exit code 0)
Nodes: 1
Cores per node: 14
CPU Utilized: 00:00:01
CPU Efficiency: 2.38% of 00:00:42 core-walltime
Job Wall-clock time: 00:00:03
Memory Utilized: 2.29 MB
Memory Efficiency: 0.00% of 161.60 GB

